<?xml version="1.0" encoding="UTF-8"?>
<!-- Generated by org.testng.reporters.JUnitReportReporter -->
<testsuite hostname="DESKTOP-OHHNA3A" name="com.javacodegeeks.testng.maven.TestNgMavenExampleTest" tests="1" failures="0" timestamp="5 Apr 2016 17:36:35 GMT" time="0.013" errors="0">
  <testcase name="exampleOfTestNgMaven" time="0.013" classname="com.javacodegeeks.testng.maven.TestNgMavenExampleTest"/>
</testsuite> <!-- com.javacodegeeks.testng.maven.TestNgMavenExampleTest -->
