<?xml version="1.0" encoding="UTF-8"?>
<!-- Generated by org.testng.reporters.JUnitReportReporter -->
<testsuite hostname="DESKTOP-OHHNA3A" name="com.navigator.tests.FindStreet" tests="6" failures="0" timestamp="5 Apr 2016 17:24:14 GMT" time="80.612" errors="0">
  <testcase name="BIsAbleToSearch" time="1.341" classname="com.navigator.tests.FindStreet"/>
  <testcase name="EItShouldBeAvailableOnEN" time="27.258" classname="com.navigator.tests.FindStreet"/>
  <testcase name="ATitleShouldBePresent" time="0.896" classname="com.navigator.tests.FindStreet"/>
  <testcase name="CZoomShouldBeAvailable" time="37.396" classname="com.navigator.tests.FindStreet"/>
  <testcase name="DSateliteViewIsAvailable" time="2.147" classname="com.navigator.tests.FindStreet"/>
  <testcase name="CSearchResultsShouldAppear" time="11.574" classname="com.navigator.tests.FindStreet"/>
</testsuite> <!-- com.navigator.tests.FindStreet -->
