<?xml version="1.0" encoding="UTF-8"?>
<!-- Generated by org.testng.reporters.JUnitReportReporter -->
<testsuite hostname="DESKTOP-OHHNA3A" name="com.navigator.tests.CreatePlace" tests="16" failures="0" timestamp="5 Apr 2016 18:43:41 GMT" time="80.843" errors="0">
  <testcase name="BShouldBeAbleToWriteNameOfNewObject" time="3.869" classname="com.navigator.tests.CreatePlace"/>
  <testcase name="AShouldBeAbleToCreateNewObject" time="1.011" classname="com.navigator.tests.CreatePlace"/>
  <testcase name="EShouldBeAbleToWriteAdress" time="0.772" classname="com.navigator.tests.CreatePlace"/>
  <testcase name="PSearchResultsShouldAppear" time="5.183" classname="com.navigator.tests.CreatePlace"/>
  <testcase name="MSateliteViewIsAvailable" time="2.138" classname="com.navigator.tests.CreatePlace"/>
  <testcase name="HShouldBeAbleToAddCategory" time="2.637" classname="com.navigator.tests.CreatePlace"/>
  <testcase name="JIsAbleToSearch" time="0.813" classname="com.navigator.tests.CreatePlace"/>
  <testcase name="NItShouldBeAvailableOnEN" time="16.710" classname="com.navigator.tests.CreatePlace"/>
  <testcase name="FShouldBeAbleToWriteHouseNumber" time="0.158" classname="com.navigator.tests.CreatePlace"/>
  <testcase name="ItestObjectConfirm" time="5.366" classname="com.navigator.tests.CreatePlace"/>
  <testcase name="GShouldBeAbleToWriteDescription" time="0.296" classname="com.navigator.tests.CreatePlace"/>
  <testcase name="CShouldBeAbleToWriteCityName" time="0.242" classname="com.navigator.tests.CreatePlace"/>
  <testcase name="OIsAbleToSearchObject" time="0.867" classname="com.navigator.tests.CreatePlace"/>
  <testcase name="DShouldBeAbleToWriteZipCode" time="0.176" classname="com.navigator.tests.CreatePlace"/>
  <testcase name="LZoomShouldBeAvailable" time="34.439" classname="com.navigator.tests.CreatePlace"/>
  <testcase name="KSearchResultsShouldAppear" time="6.166" classname="com.navigator.tests.CreatePlace"/>
</testsuite> <!-- com.navigator.tests.CreatePlace -->
